build/app/outputs/mapping/r8/release/mapping.txt
# compiler: R8
# compiler_version: 1.3.49
# min_api: 16
br.com.ciolfi.loja_virtual.MainActivity -> br.com.ciolfi.loja_virtual.MainActivity:
    1:1:void <init>():7:7 -> <init>
    1:2:void onCreate(android.os.Bundle):10:11 -> onCreate
...
io.grpc.internal.FailingClientStream -> d.b.b.Fa:
    io.grpc.internal.ClientStreamListener$RpcProgress rpcProgress -> d
    io.grpc.Status error -> c
    boolean started -> b
    1:1:void <init>(io.grpc.Status):38:38 -> <init>
    2:5:void <init>(io.grpc.Status,io.grpc.internal.ClientStreamListener$RpcProgress):44:47 -> <init>
    1:3:void start(io.grpc.internal.ClientStreamListener):52:54 -> a
io.grpc.internal.FailingClientTransport -> d.b.b.Ga:
    io.grpc.internal.ClientStreamListener$RpcProgress rpcProgress -> b
    io.grpc.Status error -> a
    1:4:void <init>(io.grpc.Status,io.grpc.internal.ClientStreamListener$RpcProgress):40:43 -> <init>
    1:1:io.grpc.internal.ClientStream newStream(io.grpc.MethodDescriptor,io.grpc.Metadata,io.grpc.CallOptions):49:49 -> a
    2:2:io.grpc.InternalLogId getLogId():70:70 -> a
io.grpc.internal.FixedObjectPool -> d.b.b.Ha:
    java.lang.Object object -> a
    1:2:void <init>(java.lang.Object):27:28 -> <init>
    java.lang.Object returnObject(java.lang.Object) -> a
    1:1:java.lang.Object getObject():33:33 -> getObject
io.grpc.internal.ForwardingClientStream -> d.b.b.Ia:
    1:1:void <init>():27:27 -> <init>
    1:1:void writeMessage(java.io.InputStream):37:37 -> a
    2:2:void setCompressor(io.grpc.Compressor):52:52 -> a
    3:3:void cancel(io.grpc.Status):62:62 -> a
    4:4:void halfClose():67:67 -> a
    5:5:void setAuthority(java.lang.String):72:72 -> a
    6:6:void setFullStreamDecompression(boolean):77:77 -> a
    7:7:void setDecompressorRegistry(io.grpc.DecompressorRegistry):82:82 -> a
    8:8:void start(io.grpc.internal.ClientStreamListener):87:87 -> a
    9:9:void setDeadline(io.grpc.Deadline):102:102 -> a
    io.grpc.internal.ClientStream delegate() -> b
    1:1:void request(int):32:32 -> b
    1:1:void setMaxInboundMessageSize(int):92:92 -> c
    1:1:void setMaxOutboundMessageSize(int):97:97 -> d
    1:1:void flush():42:42 -> flush
    1:1:java.lang.String toString():112:112 -> toString
io.grpc.internal.ForwardingClientStreamListener -> d.b.b.Ja:
    1:1:void <init>():23:23 -> <init>
    1:1:void headersRead(io.grpc.Metadata):29:29 -> a
    2:2:void closed(io.grpc.Status,io.grpc.Metadata):34:34 -> a
    3:3:void closed(io.grpc.Status,io.grpc.internal.ClientStreamListener$RpcProgress,io.grpc.Metadata):39:39 -> a
    4:4:void messagesAvailable(io.grpc.internal.StreamListener$MessageProducer):44:44 -> a
    5:5:void onReady():49:49 -> a
    io.grpc.internal.ClientStreamListener delegate() -> b
    1:1:java.lang.String toString():54:54 -> toString
io.grpc.internal.ForwardingConnectionClientTransport -> d.b.b.Ka:
    1:1:void <init>():30:30 -> <init>
    1:1:java.lang.Runnable start(io.grpc.internal.ManagedClientTransport$Listener):33:33 -> a
    2:2:void shutdown(io.grpc.Status):38:38 -> a
    3:3:io.grpc.internal.ClientStream newStream(io.grpc.MethodDescriptor,io.grpc.Metadata,io.grpc.CallOptions):49:49 -> a
    4:4:void ping(io.grpc.internal.ClientTransport$PingCallback,java.util.concurrent.Executor):54:54 -> a
    5:5:io.grpc.InternalLogId getLogId():59:59 -> a
    io.grpc.internal.ConnectionClientTransport delegate() -> b
    1:1:void shutdownNow(io.grpc.Status):43:43 -> b
    1:1:io.grpc.Attributes getAttributes():64:64 -> getAttributes
    1:1:java.lang.String toString():69:69 -> toString
io.grpc.internal.ForwardingManagedChannel -> d.b.b.La:
    io.grpc.ManagedChannel delegate -> a
    1:2:void <init>(io.grpc.ManagedChannel):31:32 -> <init>
    1:1:io.grpc.ClientCall newCall(io.grpc.MethodDescriptor,io.grpc.CallOptions):63:63 -> a
    1:1:java.lang.String authority():68:68 -> b
    1:1:void enterIdle():88:88 -> c
    1:1:boolean isTerminated():47:47 -> d
    1:1:void resetConnectBackoff():83:83 -> e
    1:1:java.lang.String toString():93:93 -> toString